<?xml version="1.0" encoding="UTF-8"?>
<testng-results skipped="0" failed="0" ignored="0" total="1" passed="1">
  <reporter-output>
  </reporter-output>
  <suite name="Default suite" duration-ms="112182" started-at="2020-08-02T16:54:42 IST" finished-at="2020-08-02T16:56:35 IST">
    <groups>
    </groups>
    <test name="Default test" duration-ms="112182" started-at="2020-08-02T16:54:42 IST" finished-at="2020-08-02T16:56:35 IST">
      <class name="com.vtiger.VtigerExec">
        <test-method status="PASS" signature="test_001()[pri:0, instance:com.vtiger.VtigerExec@131276c2]" name="test_001" duration-ms="112059" started-at="2020-08-02T16:54:43 IST" finished-at="2020-08-02T16:56:35 IST">
          <reporter-output>
          </reporter-output>
        </test-method> <!-- test_001 -->
      </class> <!-- com.vtiger.VtigerExec -->
    </test> <!-- Default test -->
  </suite> <!-- Default suite -->
</testng-results>
